The system is: Linux - 5.15.133.1-microsoft-standard-WSL2 - x86_64
Compiling the C compiler identification source file "CMakeCCompilerId.c" succeeded.
Compiler: /usr/local/bin/afl-clang-fast 
Build flags: 
Id flags:  

The output was:
0


Compilation of the C compiler identification source "CMakeCCompilerId.c" produced "a.out"

The C compiler identification is Clang, found in "/mnt-host/build/CMakeFiles/3.22.1/CompilerIdC/a.out"

Compiling the CXX compiler identification source file "CMakeCXXCompilerId.cpp" succeeded.
Compiler: /usr/local/bin/afl-c++ 
Build flags: 
Id flags:  

The output was:
0


Compilation of the CXX compiler identification source "CMakeCXXCompilerId.cpp" produced "a.out"

The CXX compiler identification is Clang, found in "/mnt-host/build/CMakeFiles/3.22.1/CompilerIdCXX/a.out"

Detecting C compiler ABI info compiled with the following output:
Change Dir: /mnt-host/build/CMakeFiles/CMakeTmp

Run Build Command(s):/usr/bin/gmake -f Makefile cmTC_f7043/fast && /usr/bin/gmake  -f CMakeFiles/cmTC_f7043.dir/build.make CMakeFiles/cmTC_f7043.dir/build
gmake[1]: Entering directory '/mnt-host/build/CMakeFiles/CMakeTmp'
Building C object CMakeFiles/cmTC_f7043.dir/CMakeCCompilerABI.c.o
/usr/local/bin/afl-clang-fast   -v -MD -MT CMakeFiles/cmTC_f7043.dir/CMakeCCompilerABI.c.o -MF CMakeFiles/cmTC_f7043.dir/CMakeCCompilerABI.c.o.d -o CMakeFiles/cmTC_f7043.dir/CMakeCCompilerABI.c.o -c /usr/share/cmake-3.22/Modules/CMakeCCompilerABI.c
Ubuntu clang version 14.0.6
Target: x86_64-pc-linux-gnu
Thread model: posix
InstalledDir: /usr/lib/llvm-14/bin
Found candidate GCC installation: /usr/lib/gcc/x86_64-linux-gnu/11
Selected GCC installation: /usr/lib/gcc/x86_64-linux-gnu/11
Candidate multilib: .;@m64
Candidate multilib: 32;@m32
Candidate multilib: x32;@mx32
Selected multilib: .;@m64
 (in-process)
 "/usr/lib/llvm-14/bin/clang" -cc1 -triple x86_64-pc-linux-gnu -emit-obj --mrelax-relocations -disable-free -clear-ast-before-backend -disable-llvm-verifier -discard-value-names -main-file-name CMakeCCompilerABI.c -mrelocation-model pic -pic-level 2 -fhalf-no-semantic-interposition -mframe-pointer=none -fmath-errno -ffp-contract=on -fno-rounding-math -mconstructor-aliases -funwind-tables=2 -target-cpu x86-64 -tune-cpu generic -mllvm -treat-scalable-fixed-error-as-warning -debug-info-kind=constructor -dwarf-version=5 -debugger-tuning=gdb -v -fcoverage-compilation-dir=/mnt-host/build/CMakeFiles/CMakeTmp -resource-dir /usr/lib/llvm-14/lib/clang/14.0.6 -dependency-file CMakeFiles/cmTC_f7043.dir/CMakeCCompilerABI.c.o.d -MT CMakeFiles/cmTC_f7043.dir/CMakeCCompilerABI.c.o -sys-header-deps -U _FORTIFY_SOURCE -D __AFL_COMPILER=1 -D FUZZING_BUILD_MODE_UNSAFE_FOR_PRODUCTION=1 -D __AFL_HAVE_MANUAL_CONTROL=1 -D "__AFL_FUZZ_INIT()=int __afl_sharedmem_fuzzing = 1;extern unsigned int *__afl_fuzz_len;extern unsigned char *__afl_fuzz_ptr;unsigned char __afl_fuzz_alt[1048576];unsigned char *__afl_fuzz_alt_ptr = __afl_fuzz_alt;" -D "__AFL_COVERAGE()=int __afl_selective_coverage = 1;void __afl_coverage_discard();void __afl_coverage_skip();void __afl_coverage_on();void __afl_coverage_off();" -D "__AFL_COVERAGE_START_OFF()=int __afl_selective_coverage_start_off = 1;" -D __AFL_COVERAGE_ON()=__afl_coverage_on() -D __AFL_COVERAGE_OFF()=__afl_coverage_off() -D __AFL_COVERAGE_DISCARD()=__afl_coverage_discard() -D __AFL_COVERAGE_SKIP()=__afl_coverage_skip() -D "__AFL_FUZZ_TESTCASE_BUF=(__afl_fuzz_ptr ? __afl_fuzz_ptr : __afl_fuzz_alt_ptr)" -D "__AFL_FUZZ_TESTCASE_LEN=(__afl_fuzz_ptr ? *__afl_fuzz_len : (*__afl_fuzz_len = read(0, __afl_fuzz_alt_ptr, 1048576)) == 0xffffffff ? 0 : *__afl_fuzz_len)" -D "__AFL_LOOP(_A)=({ static volatile const char *_B __attribute__((used,unused));  _B = (const char*)\"##SIG_AFL_PERSISTENT##\"; extern int __afl_connected;__attribute__((visibility(\"default\"))) int _L(unsigned int) __asm__(\"__afl_persistent_loop\"); _L(__afl_connected ? _A : 1); })" -D "__AFL_INIT()=do { static volatile const char *_A __attribute__((used,unused));  _A = (const char*)\"##SIG_AFL_DEFER_FORKSRV##\"; __attribute__((visibility(\"default\"))) void _I(void) __asm__(\"__afl_manual_init\"); _I(); } while (0)" -internal-isystem /usr/lib/llvm-14/lib/clang/14.0.6/include -internal-isystem /usr/local/include -internal-isystem /usr/lib/gcc/x86_64-linux-gnu/11/../../../../x86_64-linux-gnu/include -internal-externc-isystem /usr/include/x86_64-linux-gnu -internal-externc-isystem /include -internal-externc-isystem /usr/include -O3 -Wno-unused-command-line-argument -Wno-unused-command-line-argument -fdebug-compilation-dir=/mnt-host/build/CMakeFiles/CMakeTmp -ferror-limit 19 -fsanitize=address -fsanitize-system-ignorelist=/usr/lib/llvm-14/lib/clang/14.0.6/share/asan_ignorelist.txt -fsanitize-address-use-after-scope -fno-assume-sane-operator-new -funroll-loops -fgnuc-version=4.2.1 -fno-legacy-pass-manager -vectorize-loops -vectorize-slp -fpass-plugin=/usr/local/bin/../lib/afl/SanitizerCoveragePCGUARD.so -faddrsig -D__GCC_HAVE_DWARF2_CFI_ASM=1 -o CMakeFiles/cmTC_f7043.dir/CMakeCCompilerABI.c.o -x c /usr/share/cmake-3.22/Modules/CMakeCCompilerABI.c
clang -cc1 version 14.0.6 based upon LLVM 14.0.6 default target x86_64-pc-linux-gnu
ignoring nonexistent directory "/usr/lib/gcc/x86_64-linux-gnu/11/../../../../x86_64-linux-gnu/include"
ignoring nonexistent directory "/include"
#include "..." search starts here:
#include <...> search starts here:
 /usr/lib/llvm-14/lib/clang/14.0.6/include
 /usr/local/include
 /usr/include/x86_64-linux-gnu
 /usr/include
End of search list.
Linking C executable cmTC_f7043
/usr/bin/cmake -E cmake_link_script CMakeFiles/cmTC_f7043.dir/link.txt --verbose=1
/usr/local/bin/afl-clang-fast  -v -rdynamic CMakeFiles/cmTC_f7043.dir/CMakeCCompilerABI.c.o -o cmTC_f7043 
Ubuntu clang version 14.0.6
Target: x86_64-pc-linux-gnu
Thread model: posix
InstalledDir: /usr/lib/llvm-14/bin
Found candidate GCC installation: /usr/lib/gcc/x86_64-linux-gnu/11
Selected GCC installation: /usr/lib/gcc/x86_64-linux-gnu/11
Candidate multilib: .;@m64
Candidate multilib: 32;@m32
Candidate multilib: x32;@mx32
Selected multilib: .;@m64
 "/usr/bin/ld" -pie -export-dynamic -z relro --hash-style=gnu --build-id --eh-frame-hdr -m elf_x86_64 -export-dynamic -dynamic-linker /lib64/ld-linux-x86-64.so.2 -o cmTC_f7043 /lib/x86_64-linux-gnu/Scrt1.o /lib/x86_64-linux-gnu/crti.o /usr/lib/gcc/x86_64-linux-gnu/11/crtbeginS.o -L/usr/lib/gcc/x86_64-linux-gnu/11 -L/usr/lib/gcc/x86_64-linux-gnu/11/../../../../lib64 -L/lib/x86_64-linux-gnu -L/lib/../lib64 -L/usr/lib/x86_64-linux-gnu -L/usr/lib/../lib64 -L/usr/lib/llvm-14/bin/../lib -L/lib -L/usr/lib --whole-archive /usr/lib/llvm-14/lib/clang/14.0.6/lib/linux/libclang_rt.asan_static-x86_64.a --no-whole-archive --whole-archive /usr/lib/llvm-14/lib/clang/14.0.6/lib/linux/libclang_rt.asan-x86_64.a --no-whole-archive --dynamic-list=/usr/lib/llvm-14/lib/clang/14.0.6/lib/linux/libclang_rt.asan-x86_64.a.syms CMakeFiles/cmTC_f7043.dir/CMakeCCompilerABI.c.o /usr/local/bin/../lib/afl/afl-compiler-rt.o --dynamic-list=/usr/local/bin/../lib/afl/dynamic_list.txt --no-as-needed -lpthread -lrt -lm -ldl -lgcc --as-needed -lgcc_s --no-as-needed -lc -lgcc --as-needed -lgcc_s --no-as-needed /usr/lib/gcc/x86_64-linux-gnu/11/crtendS.o /lib/x86_64-linux-gnu/crtn.o
gmake[1]: Leaving directory '/mnt-host/build/CMakeFiles/CMakeTmp'



Parsed C implicit include dir info from above output: rv=done
  found start of include info
  found start of implicit include info
    add: [/usr/lib/llvm-14/lib/clang/14.0.6/include]
    add: [/usr/local/include]
    add: [/usr/include/x86_64-linux-gnu]
    add: [/usr/include]
  end of search list found
  collapse include dir [/usr/lib/llvm-14/lib/clang/14.0.6/include] ==> [/usr/lib/llvm-14/lib/clang/14.0.6/include]
  collapse include dir [/usr/local/include] ==> [/usr/local/include]
  collapse include dir [/usr/include/x86_64-linux-gnu] ==> [/usr/include/x86_64-linux-gnu]
  collapse include dir [/usr/include] ==> [/usr/include]
  implicit include dirs: [/usr/lib/llvm-14/lib/clang/14.0.6/include;/usr/local/include;/usr/include/x86_64-linux-gnu;/usr/include]


Parsed C implicit link information from above output:
  link line regex: [^( *|.*[/\])(ld|CMAKE_LINK_STARTFILE-NOTFOUND|([^/\]+-)?ld|collect2)[^/\]*( |$)]
  ignore line: [Change Dir: /mnt-host/build/CMakeFiles/CMakeTmp]
  ignore line: []
  ignore line: [Run Build Command(s):/usr/bin/gmake -f Makefile cmTC_f7043/fast && /usr/bin/gmake  -f CMakeFiles/cmTC_f7043.dir/build.make CMakeFiles/cmTC_f7043.dir/build]
  ignore line: [gmake[1]: Entering directory '/mnt-host/build/CMakeFiles/CMakeTmp']
  ignore line: [Building C object CMakeFiles/cmTC_f7043.dir/CMakeCCompilerABI.c.o]
  ignore line: [/usr/local/bin/afl-clang-fast   -v -MD -MT CMakeFiles/cmTC_f7043.dir/CMakeCCompilerABI.c.o -MF CMakeFiles/cmTC_f7043.dir/CMakeCCompilerABI.c.o.d -o CMakeFiles/cmTC_f7043.dir/CMakeCCompilerABI.c.o -c /usr/share/cmake-3.22/Modules/CMakeCCompilerABI.c]
  ignore line: [Ubuntu clang version 14.0.6]
  ignore line: [Target: x86_64-pc-linux-gnu]
  ignore line: [Thread model: posix]
  ignore line: [InstalledDir: /usr/lib/llvm-14/bin]
  ignore line: [Found candidate GCC installation: /usr/lib/gcc/x86_64-linux-gnu/11]
  ignore line: [Selected GCC installation: /usr/lib/gcc/x86_64-linux-gnu/11]
  ignore line: [Candidate multilib: .]
  ignore line: [@m64]
  ignore line: [Candidate multilib: 32]
  ignore line: [@m32]
  ignore line: [Candidate multilib: x32]
  ignore line: [@mx32]
  ignore line: [Selected multilib: .]
  ignore line: [@m64]
  ignore line: [ (in-process)]
  ignore line: [ "/usr/lib/llvm-14/bin/clang" -cc1 -triple x86_64-pc-linux-gnu -emit-obj --mrelax-relocations -disable-free -clear-ast-before-backend -disable-llvm-verifier -discard-value-names -main-file-name CMakeCCompilerABI.c -mrelocation-model pic -pic-level 2 -fhalf-no-semantic-interposition -mframe-pointer=none -fmath-errno -ffp-contract=on -fno-rounding-math -mconstructor-aliases -funwind-tables=2 -target-cpu x86-64 -tune-cpu generic -mllvm -treat-scalable-fixed-error-as-warning -debug-info-kind=constructor -dwarf-version=5 -debugger-tuning=gdb -v -fcoverage-compilation-dir=/mnt-host/build/CMakeFiles/CMakeTmp -resource-dir /usr/lib/llvm-14/lib/clang/14.0.6 -dependency-file CMakeFiles/cmTC_f7043.dir/CMakeCCompilerABI.c.o.d -MT CMakeFiles/cmTC_f7043.dir/CMakeCCompilerABI.c.o -sys-header-deps -U _FORTIFY_SOURCE -D __AFL_COMPILER=1 -D FUZZING_BUILD_MODE_UNSAFE_FOR_PRODUCTION=1 -D __AFL_HAVE_MANUAL_CONTROL=1 -D "__AFL_FUZZ_INIT()=int __afl_sharedmem_fuzzing = 1]
  ignore line: [extern unsigned int *__afl_fuzz_len]
  ignore line: [extern unsigned char *__afl_fuzz_ptr]
  ignore line: [unsigned char __afl_fuzz_alt[1048576]]
  ignore line: [unsigned char *__afl_fuzz_alt_ptr = __afl_fuzz_alt]
  ignore line: [" -D "__AFL_COVERAGE()=int __afl_selective_coverage = 1]
  ignore line: [void __afl_coverage_discard()]
  ignore line: [void __afl_coverage_skip()]
  ignore line: [void __afl_coverage_on()]
  ignore line: [void __afl_coverage_off()]
  ignore line: [" -D "__AFL_COVERAGE_START_OFF()=int __afl_selective_coverage_start_off = 1]
  ignore line: [" -D __AFL_COVERAGE_ON()=__afl_coverage_on() -D __AFL_COVERAGE_OFF()=__afl_coverage_off() -D __AFL_COVERAGE_DISCARD()=__afl_coverage_discard() -D __AFL_COVERAGE_SKIP()=__afl_coverage_skip() -D "__AFL_FUZZ_TESTCASE_BUF=(__afl_fuzz_ptr ? __afl_fuzz_ptr : __afl_fuzz_alt_ptr)" -D "__AFL_FUZZ_TESTCASE_LEN=(__afl_fuzz_ptr ? *__afl_fuzz_len : (*__afl_fuzz_len = read(0  __afl_fuzz_alt_ptr  1048576)) == 0xffffffff ? 0 : *__afl_fuzz_len)" -D "__AFL_LOOP(_A)=({ static volatile const char *_B __attribute__((used unused))]
  ignore line: [  _B = (const char*)\"##SIG_AFL_PERSISTENT##\"]
  ignore line: [ extern int __afl_connected]
  ignore line: [__attribute__((visibility(\"default\"))) int _L(unsigned int) __asm__(\"__afl_persistent_loop\")]
  ignore line: [ _L(__afl_connected ? _A : 1)]
  ignore line: [ })" -D "__AFL_INIT()=do { static volatile const char *_A __attribute__((used unused))]
  ignore line: [  _A = (const char*)\"##SIG_AFL_DEFER_FORKSRV##\"]
  ignore line: [ __attribute__((visibility(\"default\"))) void _I(void) __asm__(\"__afl_manual_init\")]
  ignore line: [ _I()]
  ignore line: [ } while (0)" -internal-isystem /usr/lib/llvm-14/lib/clang/14.0.6/include -internal-isystem /usr/local/include -internal-isystem /usr/lib/gcc/x86_64-linux-gnu/11/../../../../x86_64-linux-gnu/include -internal-externc-isystem /usr/include/x86_64-linux-gnu -internal-externc-isystem /include -internal-externc-isystem /usr/include -O3 -Wno-unused-command-line-argument -Wno-unused-command-line-argument -fdebug-compilation-dir=/mnt-host/build/CMakeFiles/CMakeTmp -ferror-limit 19 -fsanitize=address -fsanitize-system-ignorelist=/usr/lib/llvm-14/lib/clang/14.0.6/share/asan_ignorelist.txt -fsanitize-address-use-after-scope -fno-assume-sane-operator-new -funroll-loops -fgnuc-version=4.2.1 -fno-legacy-pass-manager -vectorize-loops -vectorize-slp -fpass-plugin=/usr/local/bin/../lib/afl/SanitizerCoveragePCGUARD.so -faddrsig -D__GCC_HAVE_DWARF2_CFI_ASM=1 -o CMakeFiles/cmTC_f7043.dir/CMakeCCompilerABI.c.o -x c /usr/share/cmake-3.22/Modules/CMakeCCompilerABI.c]
  ignore line: [clang -cc1 version 14.0.6 based upon LLVM 14.0.6 default target x86_64-pc-linux-gnu]
  ignore line: [ignoring nonexistent directory "/usr/lib/gcc/x86_64-linux-gnu/11/../../../../x86_64-linux-gnu/include"]
  ignore line: [ignoring nonexistent directory "/include"]
  ignore line: [#include "..." search starts here:]
  ignore line: [#include <...> search starts here:]
  ignore line: [ /usr/lib/llvm-14/lib/clang/14.0.6/include]
  ignore line: [ /usr/local/include]
  ignore line: [ /usr/include/x86_64-linux-gnu]
  ignore line: [ /usr/include]
  ignore line: [End of search list.]
  ignore line: [Linking C executable cmTC_f7043]
  ignore line: [/usr/bin/cmake -E cmake_link_script CMakeFiles/cmTC_f7043.dir/link.txt --verbose=1]
  ignore line: [/usr/local/bin/afl-clang-fast  -v -rdynamic CMakeFiles/cmTC_f7043.dir/CMakeCCompilerABI.c.o -o cmTC_f7043 ]
  ignore line: [Ubuntu clang version 14.0.6]
  ignore line: [Target: x86_64-pc-linux-gnu]
  ignore line: [Thread model: posix]
  ignore line: [InstalledDir: /usr/lib/llvm-14/bin]
  ignore line: [Found candidate GCC installation: /usr/lib/gcc/x86_64-linux-gnu/11]
  ignore line: [Selected GCC installation: /usr/lib/gcc/x86_64-linux-gnu/11]
  ignore line: [Candidate multilib: .]
  ignore line: [@m64]
  ignore line: [Candidate multilib: 32]
  ignore line: [@m32]
  ignore line: [Candidate multilib: x32]
  ignore line: [@mx32]
  ignore line: [Selected multilib: .]
  ignore line: [@m64]
  link line: [ "/usr/bin/ld" -pie -export-dynamic -z relro --hash-style=gnu --build-id --eh-frame-hdr -m elf_x86_64 -export-dynamic -dynamic-linker /lib64/ld-linux-x86-64.so.2 -o cmTC_f7043 /lib/x86_64-linux-gnu/Scrt1.o /lib/x86_64-linux-gnu/crti.o /usr/lib/gcc/x86_64-linux-gnu/11/crtbeginS.o -L/usr/lib/gcc/x86_64-linux-gnu/11 -L/usr/lib/gcc/x86_64-linux-gnu/11/../../../../lib64 -L/lib/x86_64-linux-gnu -L/lib/../lib64 -L/usr/lib/x86_64-linux-gnu -L/usr/lib/../lib64 -L/usr/lib/llvm-14/bin/../lib -L/lib -L/usr/lib --whole-archive /usr/lib/llvm-14/lib/clang/14.0.6/lib/linux/libclang_rt.asan_static-x86_64.a --no-whole-archive --whole-archive /usr/lib/llvm-14/lib/clang/14.0.6/lib/linux/libclang_rt.asan-x86_64.a --no-whole-archive --dynamic-list=/usr/lib/llvm-14/lib/clang/14.0.6/lib/linux/libclang_rt.asan-x86_64.a.syms CMakeFiles/cmTC_f7043.dir/CMakeCCompilerABI.c.o /usr/local/bin/../lib/afl/afl-compiler-rt.o --dynamic-list=/usr/local/bin/../lib/afl/dynamic_list.txt --no-as-needed -lpthread -lrt -lm -ldl -lgcc --as-needed -lgcc_s --no-as-needed -lc -lgcc --as-needed -lgcc_s --no-as-needed /usr/lib/gcc/x86_64-linux-gnu/11/crtendS.o /lib/x86_64-linux-gnu/crtn.o]
    arg [/usr/bin/ld] ==> ignore
    arg [-pie] ==> ignore
    arg [-export-dynamic] ==> ignore
    arg [-zrelro] ==> ignore
    arg [--hash-style=gnu] ==> ignore
    arg [--build-id] ==> ignore
    arg [--eh-frame-hdr] ==> ignore
    arg [-m] ==> ignore
    arg [elf_x86_64] ==> ignore
    arg [-export-dynamic] ==> ignore
    arg [-dynamic-linker] ==> ignore
    arg [/lib64/ld-linux-x86-64.so.2] ==> ignore
    arg [-o] ==> ignore
    arg [cmTC_f7043] ==> ignore
    arg [/lib/x86_64-linux-gnu/Scrt1.o] ==> obj [/lib/x86_64-linux-gnu/Scrt1.o]
    arg [/lib/x86_64-linux-gnu/crti.o] ==> obj [/lib/x86_64-linux-gnu/crti.o]
    arg [/usr/lib/gcc/x86_64-linux-gnu/11/crtbeginS.o] ==> obj [/usr/lib/gcc/x86_64-linux-gnu/11/crtbeginS.o]
    arg [-L/usr/lib/gcc/x86_64-linux-gnu/11] ==> dir [/usr/lib/gcc/x86_64-linux-gnu/11]
    arg [-L/usr/lib/gcc/x86_64-linux-gnu/11/../../../../lib64] ==> dir [/usr/lib/gcc/x86_64-linux-gnu/11/../../../../lib64]
    arg [-L/lib/x86_64-linux-gnu] ==> dir [/lib/x86_64-linux-gnu]
    arg [-L/lib/../lib64] ==> dir [/lib/../lib64]
    arg [-L/usr/lib/x86_64-linux-gnu] ==> dir [/usr/lib/x86_64-linux-gnu]
    arg [-L/usr/lib/../lib64] ==> dir [/usr/lib/../lib64]
    arg [-L/usr/lib/llvm-14/bin/../lib] ==> dir [/usr/lib/llvm-14/bin/../lib]
    arg [-L/lib] ==> dir [/lib]
    arg [-L/usr/lib] ==> dir [/usr/lib]
    arg [--whole-archive] ==> ignore
    arg [/usr/lib/llvm-14/lib/clang/14.0.6/lib/linux/libclang_rt.asan_static-x86_64.a] ==> lib [/usr/lib/llvm-14/lib/clang/14.0.6/lib/linux/libclang_rt.asan_static-x86_64.a]
    arg [--no-whole-archive] ==> ignore
    arg [--whole-archive] ==> ignore
    arg [/usr/lib/llvm-14/lib/clang/14.0.6/lib/linux/libclang_rt.asan-x86_64.a] ==> lib [/usr/lib/llvm-14/lib/clang/14.0.6/lib/linux/libclang_rt.asan-x86_64.a]
    arg [--no-whole-archive] ==> ignore
    arg [--dynamic-list=/usr/lib/llvm-14/lib/clang/14.0.6/lib/linux/libclang_rt.asan-x86_64.a.syms] ==> ignore
    arg [CMakeFiles/cmTC_f7043.dir/CMakeCCompilerABI.c.o] ==> ignore
    arg [/usr/local/bin/../lib/afl/afl-compiler-rt.o] ==> obj [/usr/local/bin/../lib/afl/afl-compiler-rt.o]
    arg [--dynamic-list=/usr/local/bin/../lib/afl/dynamic_list.txt] ==> ignore
    arg [--no-as-needed] ==> ignore
    arg [-lpthread] ==> lib [pthread]
    arg [-lrt] ==> lib [rt]
    arg [-lm] ==> lib [m]
    arg [-ldl] ==> lib [dl]
    arg [-lgcc] ==> lib [gcc]
    arg [--as-needed] ==> ignore
    arg [-lgcc_s] ==> lib [gcc_s]
    arg [--no-as-needed] ==> ignore
    arg [-lc] ==> lib [c]
    arg [-lgcc] ==> lib [gcc]
    arg [--as-needed] ==> ignore
    arg [-lgcc_s] ==> lib [gcc_s]
    arg [--no-as-needed] ==> ignore
    arg [/usr/lib/gcc/x86_64-linux-gnu/11/crtendS.o] ==> obj [/usr/lib/gcc/x86_64-linux-gnu/11/crtendS.o]
    arg [/lib/x86_64-linux-gnu/crtn.o] ==> obj [/lib/x86_64-linux-gnu/crtn.o]
  remove lib [/usr/lib/llvm-14/lib/clang/14.0.6/lib/linux/libclang_rt.asan_static-x86_64.a]
  remove lib [/usr/lib/llvm-14/lib/clang/14.0.6/lib/linux/libclang_rt.asan-x86_64.a]
  collapse obj [/usr/local/bin/../lib/afl/afl-compiler-rt.o] ==> [/usr/local/lib/afl/afl-compiler-rt.o]
  collapse library dir [/usr/lib/gcc/x86_64-linux-gnu/11] ==> [/usr/lib/gcc/x86_64-linux-gnu/11]
  collapse library dir [/usr/lib/gcc/x86_64-linux-gnu/11/../../../../lib64] ==> [/usr/lib64]
  collapse library dir [/lib/x86_64-linux-gnu] ==> [/lib/x86_64-linux-gnu]
  collapse library dir [/lib/../lib64] ==> [/lib64]
  collapse library dir [/usr/lib/x86_64-linux-gnu] ==> [/usr/lib/x86_64-linux-gnu]
  collapse library dir [/usr/lib/../lib64] ==> [/usr/lib64]
  collapse library dir [/usr/lib/llvm-14/bin/../lib] ==> [/usr/lib/llvm-14/lib]
  collapse library dir [/lib] ==> [/lib]
  collapse library dir [/usr/lib] ==> [/usr/lib]
  implicit libs: [pthread;rt;m;dl;gcc;gcc_s;c;gcc;gcc_s]
  implicit objs: [/lib/x86_64-linux-gnu/Scrt1.o;/lib/x86_64-linux-gnu/crti.o;/usr/lib/gcc/x86_64-linux-gnu/11/crtbeginS.o;/usr/local/lib/afl/afl-compiler-rt.o;/usr/lib/gcc/x86_64-linux-gnu/11/crtendS.o;/lib/x86_64-linux-gnu/crtn.o]
  implicit dirs: [/usr/lib/gcc/x86_64-linux-gnu/11;/usr/lib64;/lib/x86_64-linux-gnu;/lib64;/usr/lib/x86_64-linux-gnu;/usr/lib/llvm-14/lib;/lib;/usr/lib]
  implicit fwks: []


Detecting CXX compiler ABI info compiled with the following output:
Change Dir: /mnt-host/build/CMakeFiles/CMakeTmp

Run Build Command(s):/usr/bin/gmake -f Makefile cmTC_d89c0/fast && /usr/bin/gmake  -f CMakeFiles/cmTC_d89c0.dir/build.make CMakeFiles/cmTC_d89c0.dir/build
gmake[1]: Entering directory '/mnt-host/build/CMakeFiles/CMakeTmp'
Building CXX object CMakeFiles/cmTC_d89c0.dir/CMakeCXXCompilerABI.cpp.o
/usr/local/bin/afl-c++   -v -MD -MT CMakeFiles/cmTC_d89c0.dir/CMakeCXXCompilerABI.cpp.o -MF CMakeFiles/cmTC_d89c0.dir/CMakeCXXCompilerABI.cpp.o.d -o CMakeFiles/cmTC_d89c0.dir/CMakeCXXCompilerABI.cpp.o -c /usr/share/cmake-3.22/Modules/CMakeCXXCompilerABI.cpp
Ubuntu clang version 14.0.6
Target: x86_64-pc-linux-gnu
Thread model: posix
InstalledDir: /usr/lib/llvm-14/bin
Found candidate GCC installation: /usr/lib/gcc/x86_64-linux-gnu/11
Selected GCC installation: /usr/lib/gcc/x86_64-linux-gnu/11
Candidate multilib: .;@m64
Candidate multilib: 32;@m32
Candidate multilib: x32;@mx32
Selected multilib: .;@m64
 (in-process)
 "/usr/lib/llvm-14/bin/clang" -cc1 -triple x86_64-pc-linux-gnu -emit-obj --mrelax-relocations -disable-free -clear-ast-before-backend -disable-llvm-verifier -discard-value-names -main-file-name CMakeCXXCompilerABI.cpp -mrelocation-model pic -pic-level 2 -fhalf-no-semantic-interposition -mframe-pointer=none -fmath-errno -ffp-contract=on -fno-rounding-math -mconstructor-aliases -funwind-tables=2 -target-cpu x86-64 -tune-cpu generic -mllvm -treat-scalable-fixed-error-as-warning -debug-info-kind=constructor -dwarf-version=5 -debugger-tuning=gdb -v -fcoverage-compilation-dir=/mnt-host/build/CMakeFiles/CMakeTmp -resource-dir /usr/lib/llvm-14/lib/clang/14.0.6 -dependency-file CMakeFiles/cmTC_d89c0.dir/CMakeCXXCompilerABI.cpp.o.d -MT CMakeFiles/cmTC_d89c0.dir/CMakeCXXCompilerABI.cpp.o -sys-header-deps -U _FORTIFY_SOURCE -D __AFL_COMPILER=1 -D FUZZING_BUILD_MODE_UNSAFE_FOR_PRODUCTION=1 -D __AFL_HAVE_MANUAL_CONTROL=1 -D "__AFL_FUZZ_INIT()=int __afl_sharedmem_fuzzing = 1;extern unsigned int *__afl_fuzz_len;extern unsigned char *__afl_fuzz_ptr;unsigned char __afl_fuzz_alt[1048576];unsigned char *__afl_fuzz_alt_ptr = __afl_fuzz_alt;" -D "__AFL_COVERAGE()=int __afl_selective_coverage = 1;extern \"C\" void __afl_coverage_discard();extern \"C\" void __afl_coverage_skip();extern \"C\" void __afl_coverage_on();extern \"C\" void __afl_coverage_off();" -D "__AFL_COVERAGE_START_OFF()=int __afl_selective_coverage_start_off = 1;" -D __AFL_COVERAGE_ON()=__afl_coverage_on() -D __AFL_COVERAGE_OFF()=__afl_coverage_off() -D __AFL_COVERAGE_DISCARD()=__afl_coverage_discard() -D __AFL_COVERAGE_SKIP()=__afl_coverage_skip() -D "__AFL_FUZZ_TESTCASE_BUF=(__afl_fuzz_ptr ? __afl_fuzz_ptr : __afl_fuzz_alt_ptr)" -D "__AFL_FUZZ_TESTCASE_LEN=(__afl_fuzz_ptr ? *__afl_fuzz_len : (*__afl_fuzz_len = read(0, __afl_fuzz_alt_ptr, 1048576)) == 0xffffffff ? 0 : *__afl_fuzz_len)" -D "__AFL_LOOP(_A)=({ static volatile const char *_B __attribute__((used,unused));  _B = (const char*)\"##SIG_AFL_PERSISTENT##\"; extern int __afl_connected;__attribute__((visibility(\"default\"))) int _L(unsigned int) __asm__(\"__afl_persistent_loop\"); _L(__afl_connected ? _A : 1); })" -D "__AFL_INIT()=do { static volatile const char *_A __attribute__((used,unused));  _A = (const char*)\"##SIG_AFL_DEFER_FORKSRV##\"; __attribute__((visibility(\"default\"))) void _I(void) __asm__(\"__afl_manual_init\"); _I(); } while (0)" -internal-isystem /usr/lib/gcc/x86_64-linux-gnu/11/../../../../include/c++/11 -internal-isystem /usr/lib/gcc/x86_64-linux-gnu/11/../../../../include/x86_64-linux-gnu/c++/11 -internal-isystem /usr/lib/gcc/x86_64-linux-gnu/11/../../../../include/c++/11/backward -internal-isystem /usr/lib/llvm-14/lib/clang/14.0.6/include -internal-isystem /usr/local/include -internal-isystem /usr/lib/gcc/x86_64-linux-gnu/11/../../../../x86_64-linux-gnu/include -internal-externc-isystem /usr/include/x86_64-linux-gnu -internal-externc-isystem /include -internal-externc-isystem /usr/include -O3 -Wno-unused-command-line-argument -Wno-unused-command-line-argument -fdeprecated-macro -fdebug-compilation-dir=/mnt-host/build/CMakeFiles/CMakeTmp -ferror-limit 19 -fsanitize=address -fsanitize-system-ignorelist=/usr/lib/llvm-14/lib/clang/14.0.6/share/asan_ignorelist.txt -fsanitize-address-use-after-scope -fno-assume-sane-operator-new -funroll-loops -fgnuc-version=4.2.1 -fno-legacy-pass-manager -fcxx-exceptions -fexceptions -vectorize-loops -vectorize-slp -fpass-plugin=/usr/local/bin/../lib/afl/SanitizerCoveragePCGUARD.so -faddrsig -D__GCC_HAVE_DWARF2_CFI_ASM=1 -o CMakeFiles/cmTC_d89c0.dir/CMakeCXXCompilerABI.cpp.o -x c++ /usr/share/cmake-3.22/Modules/CMakeCXXCompilerABI.cpp
clang -cc1 version 14.0.6 based upon LLVM 14.0.6 default target x86_64-pc-linux-gnu
ignoring nonexistent directory "/usr/lib/gcc/x86_64-linux-gnu/11/../../../../x86_64-linux-gnu/include"
ignoring nonexistent directory "/include"
#include "..." search starts here:
#include <...> search starts here:
 /usr/lib/gcc/x86_64-linux-gnu/11/../../../../include/c++/11
 /usr/lib/gcc/x86_64-linux-gnu/11/../../../../include/x86_64-linux-gnu/c++/11
 /usr/lib/gcc/x86_64-linux-gnu/11/../../../../include/c++/11/backward
 /usr/lib/llvm-14/lib/clang/14.0.6/include
 /usr/local/include
 /usr/include/x86_64-linux-gnu
 /usr/include
End of search list.
Linking CXX executable cmTC_d89c0
/usr/bin/cmake -E cmake_link_script CMakeFiles/cmTC_d89c0.dir/link.txt --verbose=1
/usr/local/bin/afl-c++  -v -rdynamic CMakeFiles/cmTC_d89c0.dir/CMakeCXXCompilerABI.cpp.o -o cmTC_d89c0 
Ubuntu clang version 14.0.6
Target: x86_64-pc-linux-gnu
Thread model: posix
InstalledDir: /usr/lib/llvm-14/bin
Found candidate GCC installation: /usr/lib/gcc/x86_64-linux-gnu/11
Selected GCC installation: /usr/lib/gcc/x86_64-linux-gnu/11
Candidate multilib: .;@m64
Candidate multilib: 32;@m32
Candidate multilib: x32;@mx32
Selected multilib: .;@m64
 "/usr/bin/ld" -pie -export-dynamic -z relro --hash-style=gnu --build-id --eh-frame-hdr -m elf_x86_64 -export-dynamic -dynamic-linker /lib64/ld-linux-x86-64.so.2 -o cmTC_d89c0 /lib/x86_64-linux-gnu/Scrt1.o /lib/x86_64-linux-gnu/crti.o /usr/lib/gcc/x86_64-linux-gnu/11/crtbeginS.o -L/usr/lib/gcc/x86_64-linux-gnu/11 -L/usr/lib/gcc/x86_64-linux-gnu/11/../../../../lib64 -L/lib/x86_64-linux-gnu -L/lib/../lib64 -L/usr/lib/x86_64-linux-gnu -L/usr/lib/../lib64 -L/usr/lib/llvm-14/bin/../lib -L/lib -L/usr/lib --whole-archive /usr/lib/llvm-14/lib/clang/14.0.6/lib/linux/libclang_rt.asan_static-x86_64.a --no-whole-archive --whole-archive /usr/lib/llvm-14/lib/clang/14.0.6/lib/linux/libclang_rt.asan-x86_64.a --no-whole-archive --dynamic-list=/usr/lib/llvm-14/lib/clang/14.0.6/lib/linux/libclang_rt.asan-x86_64.a.syms --whole-archive /usr/lib/llvm-14/lib/clang/14.0.6/lib/linux/libclang_rt.asan_cxx-x86_64.a --no-whole-archive --dynamic-list=/usr/lib/llvm-14/lib/clang/14.0.6/lib/linux/libclang_rt.asan_cxx-x86_64.a.syms CMakeFiles/cmTC_d89c0.dir/CMakeCXXCompilerABI.cpp.o /usr/local/bin/../lib/afl/afl-compiler-rt.o --dynamic-list=/usr/local/bin/../lib/afl/dynamic_list.txt -lstdc++ -lm --no-as-needed -lpthread -lrt -lm -ldl -lgcc_s -lgcc -lc -lgcc_s -lgcc /usr/lib/gcc/x86_64-linux-gnu/11/crtendS.o /lib/x86_64-linux-gnu/crtn.o
gmake[1]: Leaving directory '/mnt-host/build/CMakeFiles/CMakeTmp'



Parsed CXX implicit include dir info from above output: rv=done
  found start of include info
  found start of implicit include info
    add: [/usr/lib/gcc/x86_64-linux-gnu/11/../../../../include/c++/11]
    add: [/usr/lib/gcc/x86_64-linux-gnu/11/../../../../include/x86_64-linux-gnu/c++/11]
    add: [/usr/lib/gcc/x86_64-linux-gnu/11/../../../../include/c++/11/backward]
    add: [/usr/lib/llvm-14/lib/clang/14.0.6/include]
    add: [/usr/local/include]
    add: [/usr/include/x86_64-linux-gnu]
    add: [/usr/include]
  end of search list found
  collapse include dir [/usr/lib/gcc/x86_64-linux-gnu/11/../../../../include/c++/11] ==> [/usr/include/c++/11]
  collapse include dir [/usr/lib/gcc/x86_64-linux-gnu/11/../../../../include/x86_64-linux-gnu/c++/11] ==> [/usr/include/x86_64-linux-gnu/c++/11]
  collapse include dir [/usr/lib/gcc/x86_64-linux-gnu/11/../../../../include/c++/11/backward] ==> [/usr/include/c++/11/backward]
  collapse include dir [/usr/lib/llvm-14/lib/clang/14.0.6/include] ==> [/usr/lib/llvm-14/lib/clang/14.0.6/include]
  collapse include dir [/usr/local/include] ==> [/usr/local/include]
  collapse include dir [/usr/include/x86_64-linux-gnu] ==> [/usr/include/x86_64-linux-gnu]
  collapse include dir [/usr/include] ==> [/usr/include]
  implicit include dirs: [/usr/include/c++/11;/usr/include/x86_64-linux-gnu/c++/11;/usr/include/c++/11/backward;/usr/lib/llvm-14/lib/clang/14.0.6/include;/usr/local/include;/usr/include/x86_64-linux-gnu;/usr/include]


Parsed CXX implicit link information from above output:
  link line regex: [^( *|.*[/\])(ld|CMAKE_LINK_STARTFILE-NOTFOUND|([^/\]+-)?ld|collect2)[^/\]*( |$)]
  ignore line: [Change Dir: /mnt-host/build/CMakeFiles/CMakeTmp]
  ignore line: []
  ignore line: [Run Build Command(s):/usr/bin/gmake -f Makefile cmTC_d89c0/fast && /usr/bin/gmake  -f CMakeFiles/cmTC_d89c0.dir/build.make CMakeFiles/cmTC_d89c0.dir/build]
  ignore line: [gmake[1]: Entering directory '/mnt-host/build/CMakeFiles/CMakeTmp']
  ignore line: [Building CXX object CMakeFiles/cmTC_d89c0.dir/CMakeCXXCompilerABI.cpp.o]
  ignore line: [/usr/local/bin/afl-c++   -v -MD -MT CMakeFiles/cmTC_d89c0.dir/CMakeCXXCompilerABI.cpp.o -MF CMakeFiles/cmTC_d89c0.dir/CMakeCXXCompilerABI.cpp.o.d -o CMakeFiles/cmTC_d89c0.dir/CMakeCXXCompilerABI.cpp.o -c /usr/share/cmake-3.22/Modules/CMakeCXXCompilerABI.cpp]
  ignore line: [Ubuntu clang version 14.0.6]
  ignore line: [Target: x86_64-pc-linux-gnu]
  ignore line: [Thread model: posix]
  ignore line: [InstalledDir: /usr/lib/llvm-14/bin]
  ignore line: [Found candidate GCC installation: /usr/lib/gcc/x86_64-linux-gnu/11]
  ignore line: [Selected GCC installation: /usr/lib/gcc/x86_64-linux-gnu/11]
  ignore line: [Candidate multilib: .]
  ignore line: [@m64]
  ignore line: [Candidate multilib: 32]
  ignore line: [@m32]
  ignore line: [Candidate multilib: x32]
  ignore line: [@mx32]
  ignore line: [Selected multilib: .]
  ignore line: [@m64]
  ignore line: [ (in-process)]
  ignore line: [ "/usr/lib/llvm-14/bin/clang" -cc1 -triple x86_64-pc-linux-gnu -emit-obj --mrelax-relocations -disable-free -clear-ast-before-backend -disable-llvm-verifier -discard-value-names -main-file-name CMakeCXXCompilerABI.cpp -mrelocation-model pic -pic-level 2 -fhalf-no-semantic-interposition -mframe-pointer=none -fmath-errno -ffp-contract=on -fno-rounding-math -mconstructor-aliases -funwind-tables=2 -target-cpu x86-64 -tune-cpu generic -mllvm -treat-scalable-fixed-error-as-warning -debug-info-kind=constructor -dwarf-version=5 -debugger-tuning=gdb -v -fcoverage-compilation-dir=/mnt-host/build/CMakeFiles/CMakeTmp -resource-dir /usr/lib/llvm-14/lib/clang/14.0.6 -dependency-file CMakeFiles/cmTC_d89c0.dir/CMakeCXXCompilerABI.cpp.o.d -MT CMakeFiles/cmTC_d89c0.dir/CMakeCXXCompilerABI.cpp.o -sys-header-deps -U _FORTIFY_SOURCE -D __AFL_COMPILER=1 -D FUZZING_BUILD_MODE_UNSAFE_FOR_PRODUCTION=1 -D __AFL_HAVE_MANUAL_CONTROL=1 -D "__AFL_FUZZ_INIT()=int __afl_sharedmem_fuzzing = 1]
  ignore line: [extern unsigned int *__afl_fuzz_len]
  ignore line: [extern unsigned char *__afl_fuzz_ptr]
  ignore line: [unsigned char __afl_fuzz_alt[1048576]]
  ignore line: [unsigned char *__afl_fuzz_alt_ptr = __afl_fuzz_alt]
  ignore line: [" -D "__AFL_COVERAGE()=int __afl_selective_coverage = 1]
  ignore line: [extern \"C\" void __afl_coverage_discard()]
  ignore line: [extern \"C\" void __afl_coverage_skip()]
  ignore line: [extern \"C\" void __afl_coverage_on()]
  ignore line: [extern \"C\" void __afl_coverage_off()]
  ignore line: [" -D "__AFL_COVERAGE_START_OFF()=int __afl_selective_coverage_start_off = 1]
  ignore line: [" -D __AFL_COVERAGE_ON()=__afl_coverage_on() -D __AFL_COVERAGE_OFF()=__afl_coverage_off() -D __AFL_COVERAGE_DISCARD()=__afl_coverage_discard() -D __AFL_COVERAGE_SKIP()=__afl_coverage_skip() -D "__AFL_FUZZ_TESTCASE_BUF=(__afl_fuzz_ptr ? __afl_fuzz_ptr : __afl_fuzz_alt_ptr)" -D "__AFL_FUZZ_TESTCASE_LEN=(__afl_fuzz_ptr ? *__afl_fuzz_len : (*__afl_fuzz_len = read(0  __afl_fuzz_alt_ptr  1048576)) == 0xffffffff ? 0 : *__afl_fuzz_len)" -D "__AFL_LOOP(_A)=({ static volatile const char *_B __attribute__((used unused))]
  ignore line: [  _B = (const char*)\"##SIG_AFL_PERSISTENT##\"]
  ignore line: [ extern int __afl_connected]
  ignore line: [__attribute__((visibility(\"default\"))) int _L(unsigned int) __asm__(\"__afl_persistent_loop\")]
  ignore line: [ _L(__afl_connected ? _A : 1)]
  ignore line: [ })" -D "__AFL_INIT()=do { static volatile const char *_A __attribute__((used unused))]
  ignore line: [  _A = (const char*)\"##SIG_AFL_DEFER_FORKSRV##\"]
  ignore line: [ __attribute__((visibility(\"default\"))) void _I(void) __asm__(\"__afl_manual_init\")]
  ignore line: [ _I()]
  ignore line: [ } while (0)" -internal-isystem /usr/lib/gcc/x86_64-linux-gnu/11/../../../../include/c++/11 -internal-isystem /usr/lib/gcc/x86_64-linux-gnu/11/../../../../include/x86_64-linux-gnu/c++/11 -internal-isystem /usr/lib/gcc/x86_64-linux-gnu/11/../../../../include/c++/11/backward -internal-isystem /usr/lib/llvm-14/lib/clang/14.0.6/include -internal-isystem /usr/local/include -internal-isystem /usr/lib/gcc/x86_64-linux-gnu/11/../../../../x86_64-linux-gnu/include -internal-externc-isystem /usr/include/x86_64-linux-gnu -internal-externc-isystem /include -internal-externc-isystem /usr/include -O3 -Wno-unused-command-line-argument -Wno-unused-command-line-argument -fdeprecated-macro -fdebug-compilation-dir=/mnt-host/build/CMakeFiles/CMakeTmp -ferror-limit 19 -fsanitize=address -fsanitize-system-ignorelist=/usr/lib/llvm-14/lib/clang/14.0.6/share/asan_ignorelist.txt -fsanitize-address-use-after-scope -fno-assume-sane-operator-new -funroll-loops -fgnuc-version=4.2.1 -fno-legacy-pass-manager -fcxx-exceptions -fexceptions -vectorize-loops -vectorize-slp -fpass-plugin=/usr/local/bin/../lib/afl/SanitizerCoveragePCGUARD.so -faddrsig -D__GCC_HAVE_DWARF2_CFI_ASM=1 -o CMakeFiles/cmTC_d89c0.dir/CMakeCXXCompilerABI.cpp.o -x c++ /usr/share/cmake-3.22/Modules/CMakeCXXCompilerABI.cpp]
  ignore line: [clang -cc1 version 14.0.6 based upon LLVM 14.0.6 default target x86_64-pc-linux-gnu]
  ignore line: [ignoring nonexistent directory "/usr/lib/gcc/x86_64-linux-gnu/11/../../../../x86_64-linux-gnu/include"]
  ignore line: [ignoring nonexistent directory "/include"]
  ignore line: [#include "..." search starts here:]
  ignore line: [#include <...> search starts here:]
  ignore line: [ /usr/lib/gcc/x86_64-linux-gnu/11/../../../../include/c++/11]
  ignore line: [ /usr/lib/gcc/x86_64-linux-gnu/11/../../../../include/x86_64-linux-gnu/c++/11]
  ignore line: [ /usr/lib/gcc/x86_64-linux-gnu/11/../../../../include/c++/11/backward]
  ignore line: [ /usr/lib/llvm-14/lib/clang/14.0.6/include]
  ignore line: [ /usr/local/include]
  ignore line: [ /usr/include/x86_64-linux-gnu]
  ignore line: [ /usr/include]
  ignore line: [End of search list.]
  ignore line: [Linking CXX executable cmTC_d89c0]
  ignore line: [/usr/bin/cmake -E cmake_link_script CMakeFiles/cmTC_d89c0.dir/link.txt --verbose=1]
  ignore line: [/usr/local/bin/afl-c++  -v -rdynamic CMakeFiles/cmTC_d89c0.dir/CMakeCXXCompilerABI.cpp.o -o cmTC_d89c0 ]
  ignore line: [Ubuntu clang version 14.0.6]
  ignore line: [Target: x86_64-pc-linux-gnu]
  ignore line: [Thread model: posix]
  ignore line: [InstalledDir: /usr/lib/llvm-14/bin]
  ignore line: [Found candidate GCC installation: /usr/lib/gcc/x86_64-linux-gnu/11]
  ignore line: [Selected GCC installation: /usr/lib/gcc/x86_64-linux-gnu/11]
  ignore line: [Candidate multilib: .]
  ignore line: [@m64]
  ignore line: [Candidate multilib: 32]
  ignore line: [@m32]
  ignore line: [Candidate multilib: x32]
  ignore line: [@mx32]
  ignore line: [Selected multilib: .]
  ignore line: [@m64]
  link line: [ "/usr/bin/ld" -pie -export-dynamic -z relro --hash-style=gnu --build-id --eh-frame-hdr -m elf_x86_64 -export-dynamic -dynamic-linker /lib64/ld-linux-x86-64.so.2 -o cmTC_d89c0 /lib/x86_64-linux-gnu/Scrt1.o /lib/x86_64-linux-gnu/crti.o /usr/lib/gcc/x86_64-linux-gnu/11/crtbeginS.o -L/usr/lib/gcc/x86_64-linux-gnu/11 -L/usr/lib/gcc/x86_64-linux-gnu/11/../../../../lib64 -L/lib/x86_64-linux-gnu -L/lib/../lib64 -L/usr/lib/x86_64-linux-gnu -L/usr/lib/../lib64 -L/usr/lib/llvm-14/bin/../lib -L/lib -L/usr/lib --whole-archive /usr/lib/llvm-14/lib/clang/14.0.6/lib/linux/libclang_rt.asan_static-x86_64.a --no-whole-archive --whole-archive /usr/lib/llvm-14/lib/clang/14.0.6/lib/linux/libclang_rt.asan-x86_64.a --no-whole-archive --dynamic-list=/usr/lib/llvm-14/lib/clang/14.0.6/lib/linux/libclang_rt.asan-x86_64.a.syms --whole-archive /usr/lib/llvm-14/lib/clang/14.0.6/lib/linux/libclang_rt.asan_cxx-x86_64.a --no-whole-archive --dynamic-list=/usr/lib/llvm-14/lib/clang/14.0.6/lib/linux/libclang_rt.asan_cxx-x86_64.a.syms CMakeFiles/cmTC_d89c0.dir/CMakeCXXCompilerABI.cpp.o /usr/local/bin/../lib/afl/afl-compiler-rt.o --dynamic-list=/usr/local/bin/../lib/afl/dynamic_list.txt -lstdc++ -lm --no-as-needed -lpthread -lrt -lm -ldl -lgcc_s -lgcc -lc -lgcc_s -lgcc /usr/lib/gcc/x86_64-linux-gnu/11/crtendS.o /lib/x86_64-linux-gnu/crtn.o]
    arg [/usr/bin/ld] ==> ignore
    arg [-pie] ==> ignore
    arg [-export-dynamic] ==> ignore
    arg [-zrelro] ==> ignore
    arg [--hash-style=gnu] ==> ignore
    arg [--build-id] ==> ignore
    arg [--eh-frame-hdr] ==> ignore
    arg [-m] ==> ignore
    arg [elf_x86_64] ==> ignore
    arg [-export-dynamic] ==> ignore
    arg [-dynamic-linker] ==> ignore
    arg [/lib64/ld-linux-x86-64.so.2] ==> ignore
    arg [-o] ==> ignore
    arg [cmTC_d89c0] ==> ignore
    arg [/lib/x86_64-linux-gnu/Scrt1.o] ==> obj [/lib/x86_64-linux-gnu/Scrt1.o]
    arg [/lib/x86_64-linux-gnu/crti.o] ==> obj [/lib/x86_64-linux-gnu/crti.o]
    arg [/usr/lib/gcc/x86_64-linux-gnu/11/crtbeginS.o] ==> obj [/usr/lib/gcc/x86_64-linux-gnu/11/crtbeginS.o]
    arg [-L/usr/lib/gcc/x86_64-linux-gnu/11] ==> dir [/usr/lib/gcc/x86_64-linux-gnu/11]
    arg [-L/usr/lib/gcc/x86_64-linux-gnu/11/../../../../lib64] ==> dir [/usr/lib/gcc/x86_64-linux-gnu/11/../../../../lib64]
    arg [-L/lib/x86_64-linux-gnu] ==> dir [/lib/x86_64-linux-gnu]
    arg [-L/lib/../lib64] ==> dir [/lib/../lib64]
    arg [-L/usr/lib/x86_64-linux-gnu] ==> dir [/usr/lib/x86_64-linux-gnu]
    arg [-L/usr/lib/../lib64] ==> dir [/usr/lib/../lib64]
    arg [-L/usr/lib/llvm-14/bin/../lib] ==> dir [/usr/lib/llvm-14/bin/../lib]
    arg [-L/lib] ==> dir [/lib]
    arg [-L/usr/lib] ==> dir [/usr/lib]
    arg [--whole-archive] ==> ignore
    arg [/usr/lib/llvm-14/lib/clang/14.0.6/lib/linux/libclang_rt.asan_static-x86_64.a] ==> lib [/usr/lib/llvm-14/lib/clang/14.0.6/lib/linux/libclang_rt.asan_static-x86_64.a]
    arg [--no-whole-archive] ==> ignore
    arg [--whole-archive] ==> ignore
    arg [/usr/lib/llvm-14/lib/clang/14.0.6/lib/linux/libclang_rt.asan-x86_64.a] ==> lib [/usr/lib/llvm-14/lib/clang/14.0.6/lib/linux/libclang_rt.asan-x86_64.a]
    arg [--no-whole-archive] ==> ignore
    arg [--dynamic-list=/usr/lib/llvm-14/lib/clang/14.0.6/lib/linux/libclang_rt.asan-x86_64.a.syms] ==> ignore
    arg [--whole-archive] ==> ignore
    arg [/usr/lib/llvm-14/lib/clang/14.0.6/lib/linux/libclang_rt.asan_cxx-x86_64.a] ==> lib [/usr/lib/llvm-14/lib/clang/14.0.6/lib/linux/libclang_rt.asan_cxx-x86_64.a]
    arg [--no-whole-archive] ==> ignore
    arg [--dynamic-list=/usr/lib/llvm-14/lib/clang/14.0.6/lib/linux/libclang_rt.asan_cxx-x86_64.a.syms] ==> ignore
    arg [CMakeFiles/cmTC_d89c0.dir/CMakeCXXCompilerABI.cpp.o] ==> ignore
    arg [/usr/local/bin/../lib/afl/afl-compiler-rt.o] ==> obj [/usr/local/bin/../lib/afl/afl-compiler-rt.o]
    arg [--dynamic-list=/usr/local/bin/../lib/afl/dynamic_list.txt] ==> ignore
    arg [-lstdc++] ==> lib [stdc++]
    arg [-lm] ==> lib [m]
    arg [--no-as-needed] ==> ignore
    arg [-lpthread] ==> lib [pthread]
    arg [-lrt] ==> lib [rt]
    arg [-lm] ==> lib [m]
    arg [-ldl] ==> lib [dl]
    arg [-lgcc_s] ==> lib [gcc_s]
    arg [-lgcc] ==> lib [gcc]
    arg [-lc] ==> lib [c]
    arg [-lgcc_s] ==> lib [gcc_s]
    arg [-lgcc] ==> lib [gcc]
    arg [/usr/lib/gcc/x86_64-linux-gnu/11/crtendS.o] ==> obj [/usr/lib/gcc/x86_64-linux-gnu/11/crtendS.o]
    arg [/lib/x86_64-linux-gnu/crtn.o] ==> obj [/lib/x86_64-linux-gnu/crtn.o]
  remove lib [/usr/lib/llvm-14/lib/clang/14.0.6/lib/linux/libclang_rt.asan_static-x86_64.a]
  remove lib [/usr/lib/llvm-14/lib/clang/14.0.6/lib/linux/libclang_rt.asan-x86_64.a]
  remove lib [/usr/lib/llvm-14/lib/clang/14.0.6/lib/linux/libclang_rt.asan_cxx-x86_64.a]
  collapse obj [/usr/local/bin/../lib/afl/afl-compiler-rt.o] ==> [/usr/local/lib/afl/afl-compiler-rt.o]
  collapse library dir [/usr/lib/gcc/x86_64-linux-gnu/11] ==> [/usr/lib/gcc/x86_64-linux-gnu/11]
  collapse library dir [/usr/lib/gcc/x86_64-linux-gnu/11/../../../../lib64] ==> [/usr/lib64]
  collapse library dir [/lib/x86_64-linux-gnu] ==> [/lib/x86_64-linux-gnu]
  collapse library dir [/lib/../lib64] ==> [/lib64]
  collapse library dir [/usr/lib/x86_64-linux-gnu] ==> [/usr/lib/x86_64-linux-gnu]
  collapse library dir [/usr/lib/../lib64] ==> [/usr/lib64]
  collapse library dir [/usr/lib/llvm-14/bin/../lib] ==> [/usr/lib/llvm-14/lib]
  collapse library dir [/lib] ==> [/lib]
  collapse library dir [/usr/lib] ==> [/usr/lib]
  implicit libs: [stdc++;m;pthread;rt;m;dl;gcc_s;gcc;c;gcc_s;gcc]
  implicit objs: [/lib/x86_64-linux-gnu/Scrt1.o;/lib/x86_64-linux-gnu/crti.o;/usr/lib/gcc/x86_64-linux-gnu/11/crtbeginS.o;/usr/local/lib/afl/afl-compiler-rt.o;/usr/lib/gcc/x86_64-linux-gnu/11/crtendS.o;/lib/x86_64-linux-gnu/crtn.o]
  implicit dirs: [/usr/lib/gcc/x86_64-linux-gnu/11;/usr/lib64;/lib/x86_64-linux-gnu;/lib64;/usr/lib/x86_64-linux-gnu;/usr/lib/llvm-14/lib;/lib;/usr/lib]
  implicit fwks: []


